# JRE version: Java(TM) SE Runtime Environment (8.0_66-b17) (build 1.8.0_66-b17)
# Java VM: Java HotSpot(TM) 64-Bit Server VM (25.66-b17 mixed mode linux-amd64 compressed oops)
Heap:
 PSYoungGen      total 67584K, used 5104K [0x00000000eab00000, 0x00000000ef200000, 0x0000000100000000)
  eden space 62464K, 0% used [0x00000000eab00000,0x00000000eab00000,0x00000000ee800000)
  from space 5120K, 99% used [0x00000000ee800000,0x00000000eecfc3a8,0x00000000eed00000)
  to   space 5120K, 0% used [0x00000000eed00000,0x00000000eed00000,0x00000000ef200000)
 ParOldGen       total 83456K, used 25321K [0x00000000c0000000, 0x00000000c5180000, 0x00000000eab00000)
  object space 83456K, 30% used [0x00000000c0000000,0x00000000c18ba7c8,0x00000000c5180000)
 Metaspace       used 7897K, capacity 8010K, committed 8320K, reserved 1056768K
  class space    used 789K, capacity 821K, committed 896K, reserved 1048576K
GC Heap History (9 events):
Event: 9.124 GC heap before
{Heap before GC invocations=1 (full 0):
 PSYoungGen      total 36352K, used 31232K [0x00000000eab00000, 0x00000000ed380000, 0x0000000100000000)
  eden space 31232K, 100% used [0x00000000eab00000,0x00000000ec980000,0x00000000ec980000)
  from space 5120K, 0% used [0x00000000ece80000,0x00000000ece80000,0x00000000ed380000)
  to   space 5120K, 0% used [0x00000000ec980000,0x00000000ec980000,0x00000000ece80000)
 ParOldGen       total 83456K, used 0K [0x00000000c0000000, 0x00000000c5180000, 0x00000000eab00000)
  object space 83456K, 0% used [0x00000000c0000000,0x00000000c0000000,0x00000000c5180000)
 Metaspace       used 5540K, capacity 6832K, committed 7040K, reserved 1056768K
  class space    used 562K, capacity 616K, committed 640K, reserved 1048576K
Event: 9.152 GC heap after
Heap after GC invocations=1 (full 0):
 PSYoungGen      total 36352K, used 5088K [0x00000000eab00000, 0x00000000ed380000, 0x0000000100000000)
  eden space 31232K, 0% used [0x00000000eab00000,0x00000000eab00000,0x00000000ec980000)
  from space 5120K, 99% used [0x00000000ec980000,0x00000000ece78068,0x00000000ece80000)
  to   space 5120K, 0% used [0x00000000ece80000,0x00000000ece80000,0x00000000ed380000)
 ParOldGen       total 83456K, used 3106K [0x00000000c0000000, 0x00000000c5180000, 0x00000000eab00000)
  object space 83456K, 3% used [0x00000000c0000000,0x00000000c0308ae0,0x00000000c5180000)
 Metaspace       used 5540K, capacity 6832K, committed 7040K, reserved 1056768K
  class space    used 562K, capacity 616K, committed 640K, reserved 1048576K
}
Event: 18.658 GC heap before
{Heap before GC invocations=2 (full 0):
 PSYoungGen      total 36352K, used 36320K [0x00000000eab00000, 0x00000000ed380000, 0x0000000100000000)
  eden space 31232K, 100% used [0x00000000eab00000,0x00000000ec980000,0x00000000ec980000)
  from space 5120K, 99% used [0x00000000ec980000,0x00000000ece78068,0x00000000ece80000)
  to   space 5120K, 0% used [0x00000000ece80000,0x00000000ece80000,0x00000000ed380000)
 ParOldGen       total 83456K, used 3106K [0x00000000c0000000, 0x00000000c5180000, 0x00000000eab00000)
  object space 83456K, 3% used [0x00000000c0000000,0x00000000c0308ae0,0x00000000c5180000)
 Metaspace       used 7665K, capacity 7876K, committed 8064K, reserved 1056768K
  class space    used 780K, capacity 820K, committed 896K, reserved 1048576K
Event: 18.697 GC heap after
Heap after GC invocations=2 (full 0):
 PSYoungGen      total 36352K, used 5106K [0x00000000eab00000, 0x00000000ed380000, 0x0000000100000000)
  eden space 31232K, 0% used [0x00000000eab00000,0x00000000eab00000,0x00000000ec980000)
  from space 5120K, 99% used [0x00000000ece80000,0x00000000ed37c8a8,0x00000000ed380000)
  to   space 5120K, 0% used [0x00000000ec980000,0x00000000ec980000,0x00000000ece80000)
 ParOldGen       total 83456K, used 10019K [0x00000000c0000000, 0x00000000c5180000, 0x00000000eab00000)
  object space 83456K, 12% used [0x00000000c0000000,0x00000000c09c8e80,0x00000000c5180000)
 Metaspace       used 7665K, capacity 7876K, committed 8064K, reserved 1056768K
  class space    used 780K, capacity 820K, committed 896K, reserved 1048576K
}
Event: 19.402 GC heap before
{Heap before GC invocations=3 (full 0):
 PSYoungGen      total 36352K, used 35449K [0x00000000eab00000, 0x00000000ed380000, 0x0000000100000000)
  eden space 31232K, 97% used [0x00000000eab00000,0x00000000ec8a1dc0,0x00000000ec980000)
  from space 5120K, 99% used [0x00000000ece80000,0x00000000ed37c8a8,0x00000000ed380000)
  to   space 5120K, 0% used [0x00000000ec980000,0x00000000ec980000,0x00000000ece80000)
 ParOldGen       total 83456K, used 10019K [0x00000000c0000000, 0x00000000c5180000, 0x00000000eab00000)
  object space 83456K, 12% used [0x00000000c0000000,0x00000000c09c8e80,0x00000000c5180000)
 Metaspace       used 7777K, capacity 8004K, committed 8320K, reserved 1056768K
  class space    used 780K, capacity 820K, committed 896K, reserved 1048576K
Event: 19.464 GC heap after
Heap after GC invocations=3 (full 0):
 PSYoungGen      total 36352K, used 5099K [0x00000000eab00000, 0x00000000ef200000, 0x0000000100000000)
  eden space 31232K, 0% used [0x00000000eab00000,0x00000000eab00000,0x00000000ec980000)
  from space 5120K, 99% used [0x00000000ec980000,0x00000000ece7aed0,0x00000000ece80000)
  to   space 5120K, 0% used [0x00000000eed00000,0x00000000eed00000,0x00000000ef200000)
 ParOldGen       total 83456K, used 11804K [0x00000000c0000000, 0x00000000c5180000, 0x00000000eab00000)
  object space 83456K, 14% used [0x00000000c0000000,0x00000000c0b87240,0x00000000c5180000)
 Metaspace       used 7777K, capacity 8004K, committed 8320K, reserved 1056768K
  class space    used 780K, capacity 820K, committed 896K, reserved 1048576K
}
Event: 20.289 GC heap before
{Heap before GC invocations=4 (full 0):
 PSYoungGen      total 36352K, used 36331K [0x00000000eab00000, 0x00000000ef200000, 0x0000000100000000)
  eden space 31232K, 100% used [0x00000000eab00000,0x00000000ec980000,0x00000000ec980000)
  from space 5120K, 99% used [0x00000000ec980000,0x00000000ece7aed0,0x00000000ece80000)
  to   space 5120K, 0% used [0x00000000eed00000,0x00000000eed00000,0x00000000ef200000)
 ParOldGen       total 83456K, used 11804K [0x00000000c0000000, 0x00000000c5180000, 0x00000000eab00000)
  object space 83456K, 14% used [0x00000000c0000000,0x00000000c0b87240,0x00000000c5180000)
 Metaspace       used 7805K, capacity 8004K, committed 8320K, reserved 1056768K
  class space    used 781K, capacity 820K, committed 896K, reserved 1048576K
Event: 20.366 GC heap after
Heap after GC invocations=4 (full 0):
 PSYoungGen      total 67584K, used 5102K [0x00000000eab00000, 0x00000000ef200000, 0x0000000100000000)
  eden space 62464K, 0% used [0x00000000eab00000,0x00000000eab00000,0x00000000ee800000)
  from space 5120K, 99% used [0x00000000eed00000,0x00000000ef1fb980,0x00000000ef200000)
  to   space 5120K, 0% used [0x00000000ee800000,0x00000000ee800000,0x00000000eed00000)
 ParOldGen       total 83456K, used 14414K [0x00000000c0000000, 0x00000000c5180000, 0x00000000eab00000)
  object space 83456K, 17% used [0x00000000c0000000,0x00000000c0e13878,0x00000000c5180000)
 Metaspace       used 7805K, capacity 8004K, committed 8320K, reserved 1056768K
  class space    used 781K, capacity 820K, committed 896K, reserved 1048576K
}
Event: 26.585 GC heap before
{Heap before GC invocations=5 (full 0):
 PSYoungGen      total 67584K, used 67566K [0x00000000eab00000, 0x00000000ef200000, 0x0000000100000000)
  eden space 62464K, 100% used [0x00000000eab00000,0x00000000ee800000,0x00000000ee800000)
  from space 5120K, 99% used [0x00000000eed00000,0x00000000ef1fb980,0x00000000ef200000)
  to   space 5120K, 0% used [0x00000000ee800000,0x00000000ee800000,0x00000000eed00000)
 ParOldGen       total 83456K, used 14414K [0x00000000c0000000, 0x00000000c5180000, 0x00000000eab00000)
  object space 83456K, 17% used [0x00000000c0000000,0x00000000c0e13878,0x00000000c5180000)
 Metaspace       used 7897K, capacity 8010K, committed 8320K, reserved 1056768K
  class space    used 789K, capacity 821K, committed 896K, reserved 1048576K

